# JRE version: Java(TM) SE Runtime Environment (8.0_144-b01) (build 1.8.0_144-b01)
# Java VM: Java HotSpot(TM) 64-Bit Server VM (25.144-b01 mixed mode linux-amd64 compressed oops)
Heap:
 PSYoungGen      total 139776K, used 16880K [0x00000000eb700000, 0x00000000f5200000, 0x0000000100000000)
  eden space 122880K, 0% used [0x00000000eb700000,0x00000000eb700000,0x00000000f2f00000)
  from space 16896K, 99% used [0x00000000f2f00000,0x00000000f3f7c3f0,0x00000000f3f80000)
  to   space 14848K, 0% used [0x00000000f3f80000,0x00000000f3f80000,0x00000000f4e00000)
 ParOldGen       total 42496K, used 31057K [0x00000000c2400000, 0x00000000c4d80000, 0x00000000eb700000)
  object space 42496K, 73% used [0x00000000c2400000,0x00000000c42544b8,0x00000000c4d80000)
 Metaspace       used 7678K, capacity 7972K, committed 8320K, reserved 1056768K
  class space    used 938K, capacity 1038K, committed 1152K, reserved 1048576K
GC Heap History (10 events):
Event: 3,131 GC heap after
Heap after GC invocations=4 (full 0):
 PSYoungGen      total 34304K, used 2537K [0x00000000eb700000, 0x00000000edb00000, 0x0000000100000000)
  eden space 31744K, 0% used [0x00000000eb700000,0x00000000eb700000,0x00000000ed600000)
  from space 2560K, 99% used [0x00000000ed880000,0x00000000edafa6f0,0x00000000edb00000)
  to   space 2560K, 0% used [0x00000000ed600000,0x00000000ed600000,0x00000000ed880000)
 ParOldGen       total 42496K, used 8758K [0x00000000c2400000, 0x00000000c4d80000, 0x00000000eb700000)
  object space 42496K, 20% used [0x00000000c2400000,0x00000000c2c8da08,0x00000000c4d80000)
 Metaspace       used 7664K, capacity 7972K, committed 8320K, reserved 1056768K
  class space    used 938K, capacity 1038K, committed 1152K, reserved 1048576K
}
Event: 3,534 GC heap before
{Heap before GC invocations=5 (full 0):
 PSYoungGen      total 34304K, used 34281K [0x00000000eb700000, 0x00000000edb00000, 0x0000000100000000)
  eden space 31744K, 100% used [0x00000000eb700000,0x00000000ed600000,0x00000000ed600000)
  from space 2560K, 99% used [0x00000000ed880000,0x00000000edafa6f0,0x00000000edb00000)
  to   space 2560K, 0% used [0x00000000ed600000,0x00000000ed600000,0x00000000ed880000)
 ParOldGen       total 42496K, used 8758K [0x00000000c2400000, 0x00000000c4d80000, 0x00000000eb700000)
  object space 42496K, 20% used [0x00000000c2400000,0x00000000c2c8da08,0x00000000c4d80000)
 Metaspace       used 7668K, capacity 7972K, committed 8320K, reserved 1056768K
  class space    used 938K, capacity 1038K, committed 1152K, reserved 1048576K
Event: 3,546 GC heap after
Heap after GC invocations=5 (full 0):
 PSYoungGen      total 34304K, used 2541K [0x00000000eb700000, 0x00000000f0600000, 0x0000000100000000)
  eden space 31744K, 0% used [0x00000000eb700000,0x00000000eb700000,0x00000000ed600000)
  from space 2560K, 99% used [0x00000000ed600000,0x00000000ed87b6f0,0x00000000ed880000)
  to   space 8704K, 0% used [0x00000000efd80000,0x00000000efd80000,0x00000000f0600000)
 ParOldGen       total 42496K, used 13197K [0x00000000c2400000, 0x00000000c4d80000, 0x00000000eb700000)
  object space 42496K, 31% used [0x00000000c2400000,0x00000000c30e36f8,0x00000000c4d80000)
 Metaspace       used 7668K, capacity 7972K, committed 8320K, reserved 1056768K
  class space    used 938K, capacity 1038K, committed 1152K, reserved 1048576K
}
Event: 3,707 GC heap before
{Heap before GC invocations=6 (full 0):
 PSYoungGen      total 34304K, used 34285K [0x00000000eb700000, 0x00000000f0600000, 0x0000000100000000)
  eden space 31744K, 100% used [0x00000000eb700000,0x00000000ed600000,0x00000000ed600000)
  from space 2560K, 99% used [0x00000000ed600000,0x00000000ed87b6f0,0x00000000ed880000)
  to   space 8704K, 0% used [0x00000000efd80000,0x00000000efd80000,0x00000000f0600000)
 ParOldGen       total 42496K, used 13197K [0x00000000c2400000, 0x00000000c4d80000, 0x00000000eb700000)
  object space 42496K, 31% used [0x00000000c2400000,0x00000000c30e36f8,0x00000000c4d80000)
 Metaspace       used 7668K, capacity 7972K, committed 8320K, reserved 1056768K
  class space    used 938K, capacity 1038K, committed 1152K, reserved 1048576K
Event: 3,729 GC heap after
Heap after GC invocations=6 (full 0):
 PSYoungGen      total 71168K, used 8091K [0x00000000eb700000, 0x00000000f0800000, 0x0000000100000000)
  eden space 62464K, 0% used [0x00000000eb700000,0x00000000eb700000,0x00000000ef400000)
  from space 8704K, 92% used [0x00000000efd80000,0x00000000f0566ff8,0x00000000f0600000)
  to   space 9728K, 0% used [0x00000000ef400000,0x00000000ef400000,0x00000000efd80000)
 ParOldGen       total 42496K, used 13197K [0x00000000c2400000, 0x00000000c4d80000, 0x00000000eb700000)
  object space 42496K, 31% used [0x00000000c2400000,0x00000000c30e36f8,0x00000000c4d80000)
 Metaspace       used 7668K, capacity 7972K, committed 8320K, reserved 1056768K
  class space    used 938K, capacity 1038K, committed 1152K, reserved 1048576K
}
Event: 4,067 GC heap before
{Heap before GC invocations=7 (full 0):
 PSYoungGen      total 71168K, used 70555K [0x00000000eb700000, 0x00000000f0800000, 0x0000000100000000)
  eden space 62464K, 100% used [0x00000000eb700000,0x00000000ef400000,0x00000000ef400000)
  from space 8704K, 92% used [0x00000000efd80000,0x00000000f0566ff8,0x00000000f0600000)
  to   space 9728K, 0% used [0x00000000ef400000,0x00000000ef400000,0x00000000efd80000)
 ParOldGen       total 42496K, used 13197K [0x00000000c2400000, 0x00000000c4d80000, 0x00000000eb700000)
  object space 42496K, 31% used [0x00000000c2400000,0x00000000c30e36f8,0x00000000c4d80000)
 Metaspace       used 7668K, capacity 7972K, committed 8320K, reserved 1056768K
  class space    used 938K, capacity 1038K, committed 1152K, reserved 1048576K
Event: 4,103 GC heap after
Heap after GC invocations=7 (full 0):
 PSYoungGen      total 72192K, used 9711K [0x00000000eb700000, 0x00000000f4e00000, 0x0000000100000000)
  eden space 62464K, 0% used [0x00000000eb700000,0x00000000eb700000,0x00000000ef400000)
  from space 9728K, 99% used [0x00000000ef400000,0x00000000efd7bef8,0x00000000efd80000)
  to   space 14848K, 0% used [0x00000000f3f80000,0x00000000f3f80000,0x00000000f4e00000)
 ParOldGen       total 42496K, used 20526K [0x00000000c2400000, 0x00000000c4d80000, 0x00000000eb700000)
  object space 42496K, 48% used [0x00000000c2400000,0x00000000c380b998,0x00000000c4d80000)
 Metaspace       used 7668K, capacity 7972K, committed 8320K, reserved 1056768K
  class space    used 938K, capacity 1038K, committed 1152K, reserved 1048576K
}
Event: 4,707 GC heap before
{Heap before GC invocations=8 (full 0):
 PSYoungGen      total 72192K, used 72175K [0x00000000eb700000, 0x00000000f4e00000, 0x0000000100000000)
  eden space 62464K, 100% used [0x00000000eb700000,0x00000000ef400000,0x00000000ef400000)
  from space 9728K, 99% used [0x00000000ef400000,0x00000000efd7bef8,0x00000000efd80000)
  to   space 14848K, 0% used [0x00000000f3f80000,0x00000000f3f80000,0x00000000f4e00000)
 ParOldGen       total 42496K, used 20526K [0x00000000c2400000, 0x00000000c4d80000, 0x00000000eb700000)
  object space 42496K, 48% used [0x00000000c2400000,0x00000000c380b998,0x00000000c4d80000)
 Metaspace       used 7674K, capacity 7972K, committed 8320K, reserved 1056768K
  class space    used 938K, capacity 1038K, committed 1152K, reserved 1048576K
Event: 4,740 GC heap after
Heap after GC invocations=8 (full 0):
 PSYoungGen      total 137728K, used 13445K [0x00000000eb700000, 0x00000000f5200000, 0x0000000100000000)
  eden space 122880K, 0% used [0x00000000eb700000,0x00000000eb700000,0x00000000f2f00000)
  from space 14848K, 90% used [0x00000000f3f80000,0x00000000f4ca15d8,0x00000000f4e00000)
  to   space 16896K, 0% used [0x00000000f2f00000,0x00000000f2f00000,0x00000000f3f80000)
 ParOldGen       total 42496K, used 21621K [0x00000000c2400000, 0x00000000c4d80000, 0x00000000eb700000)
  object space 42496K, 50% used [0x00000000c2400000,0x00000000c391d5e0,0x00000000c4d80000)
 Metaspace       used 7674K, capacity 7972K, committed 8320K, reserved 1056768K
  class space    used 938K, capacity 1038K, committed 1152K, reserved 1048576K
}
Event: 5,473 GC heap before
{Heap before GC invocations=9 (full 0):
 PSYoungGen      total 137728K, used 136325K [0x00000000eb700000, 0x00000000f5200000, 0x0000000100000000)
  eden space 122880K, 100% used [0x00000000eb700000,0x00000000f2f00000,0x00000000f2f00000)
  from space 14848K, 90% used [0x00000000f3f80000,0x00000000f4ca15d8,0x00000000f4e00000)
  to   space 16896K, 0% used [0x00000000f2f00000,0x00000000f2f00000,0x00000000f3f80000)
 ParOldGen       total 42496K, used 21621K [0x00000000c2400000, 0x00000000c4d80000, 0x00000000eb700000)
  object space 42496K, 50% used [0x00000000c2400000,0x00000000c391d5e0,0x00000000c4d80000)
 Metaspace       used 7678K, capacity 7972K, committed 8320K, reserved 1056768K
  class space    used 938K, capacity 1038K, committed 1152K, reserved 1048576K

